<?xml version="1.0" encoding="UTF-8"?>
<!-- Generated by org.testng.reporters.JUnitXMLReporter -->
<testsuite ignored="0" hostname="DESKTOP-7KF4DCN" failures="0" tests="11" name="Default test" time="93.942" errors="0" timestamp="2026-01-09T12:48:16 IST">
  <testcase classname="Selenium.AllActions" name="firstTest" time="15.829"/>
  <testcase classname="Selenium.AllActions" name="secondTest" time="0.556"/>
  <testcase classname="Selenium.AllActions" name="thirdTest" time="0.095"/>
  <testcase classname="Selenium.AllActions" name="fourthTest" time="5.101"/>
  <testcase classname="Selenium.AllActions" name="fifthTest" time="4.692"/>
  <testcase classname="Selenium.AllActions" name="sixthTest" time="3.457"/>
  <testcase classname="Selenium.AllActions" name="seventhTest" time="3.463"/>
  <testcase classname="Selenium.AllActions" name="eightTest" time="3.773"/>
  <testcase classname="Selenium.AllActions" name="ninthMethod" time="5.433"/>
  <testcase classname="Selenium.AllActions" name="tenthMethod" time="37.676"/>
  <testcase classname="Selenium.AllActions" name="eleventhMethod" time="0.452"/>
</testsuite> <!-- Default test -->
