<?xml version="1.0" encoding="UTF-8"?>
<!-- Generated by org.testng.reporters.JUnitXMLReporter -->
<testsuite ignored="10" hostname="DESKTOP-7KF4DCN" failures="0" tests="1" name="Default test" time="34.326" errors="0" timestamp="2026-01-06T12:31:22 IST">
  <testcase classname="Selenium.AllActions" name="eleventhMethod" time="0.578"/>
  <testcase classname="Selenium.AllActions" name="sixthTest" time="0.0">
    <ignored/>
  </testcase> <!-- sixthTest -->
  <testcase classname="Selenium.AllActions" name="seventhTest" time="0.0">
    <ignored/>
  </testcase> <!-- seventhTest -->
  <testcase classname="Selenium.AllActions" name="fourthTest" time="0.0">
    <ignored/>
  </testcase> <!-- fourthTest -->
  <testcase classname="Selenium.AllActions" name="tenthMethod" time="0.0">
    <ignored/>
  </testcase> <!-- tenthMethod -->
  <testcase classname="Selenium.AllActions" name="thirdTest" time="0.0">
    <ignored/>
  </testcase> <!-- thirdTest -->
  <testcase classname="Selenium.AllActions" name="eightTest" time="0.0">
    <ignored/>
  </testcase> <!-- eightTest -->
  <testcase classname="Selenium.AllActions" name="secondTest" time="0.0">
    <ignored/>
  </testcase> <!-- secondTest -->
  <testcase classname="Selenium.AllActions" name="fifthTest" time="0.0">
    <ignored/>
  </testcase> <!-- fifthTest -->
  <testcase classname="Selenium.AllActions" name="ninthMethod" time="0.0">
    <ignored/>
  </testcase> <!-- ninthMethod -->
  <testcase classname="Selenium.AllActions" name="firstTest" time="0.0">
    <ignored/>
  </testcase> <!-- firstTest -->
</testsuite> <!-- Default test -->
