<?xml version="1.0" encoding="UTF-8"?>
<!-- Generated by org.testng.reporters.JUnitXMLReporter -->
<testsuite ignored="0" hostname="DESKTOP-7KF4DCN" failures="0" tests="14" name="Test" time="145.112" errors="0" timestamp="2026-01-08T12:04:50 IST">
  <testcase classname="Selenium.AllActions" name="firstTest" time="1.925"/>
  <testcase classname="Selenium.FileUpload" name="firstTest" time="11.849"/>
  <testcase classname="Test.NG.AppTest" name="shouldAnswerWithTrue" time="0.003"/>
  <testcase classname="Selenium.AuthPopUp" name="testMethod" time="4.176"/>
  <testcase classname="Selenium.AllActions" name="secondTest" time="0.67"/>
  <testcase classname="Selenium.AllActions" name="thirdTest" time="0.057"/>
  <testcase classname="Selenium.AllActions" name="fourthTest" time="4.295"/>
  <testcase classname="Selenium.AllActions" name="fifthTest" time="3.376"/>
  <testcase classname="Selenium.AllActions" name="sixthTest" time="3.327"/>
  <testcase classname="Selenium.AllActions" name="seventhTest" time="3.388"/>
  <testcase classname="Selenium.AllActions" name="eightTest" time="4.558"/>
  <testcase classname="Selenium.AllActions" name="ninthMethod" time="5.38"/>
  <testcase classname="Selenium.AllActions" name="tenthMethod" time="34.056"/>
  <testcase classname="Selenium.AllActions" name="eleventhMethod" time="0.225"/>
</testsuite> <!-- Test -->
