<?xml version="1.0" encoding="UTF-8"?>
<!-- Generated by org.testng.reporters.JUnitXMLReporter -->
<testsuite ignored="0" hostname="DESKTOP-7KF4DCN" failures="1" tests="17" name="Test" time="152.912" errors="0" timestamp="2026-01-06T16:40:57 IST">
  <testcase classname="Selenium.AllActions" name="firstTest" time="0.38"/>
  <testcase classname="Selenium.FileUpload" name="firstTest" time="6.605"/>
  <testcase classname="Test.NG.AppTest" name="shouldAnswerWithTrue" time="0.002"/>
  <testcase classname="Selenium.AuthPopUp" name="testMethod" time="0.062"/>
  <testcase classname="Selenium.AllActions" name="secondTest" time="0.242"/>
  <testcase classname="Selenium.AllActions" name="thirdTest" time="0.036"/>
  <testcase classname="Selenium.AllActions" name="fourthTest" time="4.169"/>
  <testcase classname="Selenium.AllActions" name="fifthTest" time="3.461"/>
  <testcase classname="Selenium.AllActions" name="sixthTest" time="3.193"/>
  <testcase classname="Selenium.AllActions" name="seventhTest" time="3.217"/>
  <testcase classname="Selenium.AllActions" name="eightTest" time="1.999"/>
  <testcase classname="Selenium.AllActions" name="ninthMethod" time="5.174"/>
  <testcase classname="Selenium.AllActions" name="tenthMethod" time="21.692">
    <skipped/>
  </testcase> <!-- tenthMethod -->
  <testcase classname="Selenium.AllActions" name="tenthMethod" time="20.972">
    <skipped/>
  </testcase> <!-- tenthMethod -->
  <testcase classname="Selenium.AllActions" name="tenthMethod" time="18.713">
    <skipped/>
  </testcase> <!-- tenthMethod -->
  <testcase classname="Selenium.AllActions" name="tenthMethod" time="20.806">
    <failure type="java.lang.AssertionError" message="expected [false] but found [true]">
      <![CDATA[java.lang.AssertionError: expected [false] but found [true]
at Selenium.AllActions.tenthMethod(AllActions.java:194)
at java.base/java.util.ArrayList.forEach(ArrayList.java:1511)
... Removed 31 stack frames]]>
    </failure>
  </testcase> <!-- tenthMethod -->
  <testcase classname="Selenium.AllActions" name="eleventhMethod" time="0.179"/>
</testsuite> <!-- Test -->
