<?xml version="1.0" encoding="UTF-8"?>
<!-- Generated by org.testng.reporters.JUnitXMLReporter -->
<testsuite ignored="0" hostname="DESKTOP-7KF4DCN" failures="0" tests="14" name="Test" time="101.459" errors="0" timestamp="2026-01-09T17:19:11 IST">
  <testcase classname="Test.NG.AppTest" name="shouldAnswerWithTrue" time="0.02"/>
  <testcase classname="Selenium.AuthPopUp" name="testMethod" time="6.187"/>
  <testcase classname="Selenium.FileUpload" name="firstTest" time="10.94"/>
  <testcase classname="Selenium.AllActions" name="firstTest" time="1.097"/>
  <testcase classname="Selenium.AllActions" name="secondTest" time="0.634"/>
  <testcase classname="Selenium.AllActions" name="thirdTest" time="0.097"/>
  <testcase classname="Selenium.AllActions" name="fourthTest" time="4.362"/>
  <testcase classname="Selenium.AllActions" name="fifthTest" time="3.338"/>
  <testcase classname="Selenium.AllActions" name="sixthTest" time="3.231"/>
  <testcase classname="Selenium.AllActions" name="seventhTest" time="3.283"/>
  <testcase classname="Selenium.AllActions" name="eightTest" time="2.41"/>
  <testcase classname="Selenium.AllActions" name="eleventhMethod" time="0.224"/>
  <testcase classname="Selenium.AllActions" name="ninthMethod" time="5.401"/>
  <testcase classname="Selenium.AllActions" name="tenthMethod" time="25.056"/>
</testsuite> <!-- Test -->
