<?xml version="1.0" encoding="UTF-8"?>
<!-- Generated by org.testng.reporters.JUnitXMLReporter -->
<testsuite ignored="0" hostname="DESKTOP-7KF4DCN" failures="0" tests="14" name="Test" time="89.134" errors="0" timestamp="2026-01-12T10:50:32 IST">
  <testcase classname="Test.NG.AppTest" name="shouldAnswerWithTrue" time="0.014"/>
  <testcase classname="Selenium.AuthPopUp" name="testMethod" time="0.588"/>
  <testcase classname="Selenium.FileUpload" name="firstTest" time="8.674"/>
  <testcase classname="Selenium.AllActions" name="firstTest" time="1.127"/>
  <testcase classname="Selenium.AllActions" name="secondTest" time="1.453"/>
  <testcase classname="Selenium.AllActions" name="thirdTest" time="0.057"/>
  <testcase classname="Selenium.AllActions" name="fourthTest" time="4.441"/>
  <testcase classname="Selenium.AllActions" name="fifthTest" time="6.378"/>
  <testcase classname="Selenium.AllActions" name="sixthTest" time="3.498"/>
  <testcase classname="Selenium.AllActions" name="seventhTest" time="3.3"/>
  <testcase classname="Selenium.AllActions" name="eightTest" time="2.549"/>
  <testcase classname="Selenium.AllActions" name="eleventhMethod" time="0.221"/>
  <testcase classname="Selenium.AllActions" name="ninthMethod" time="5.408"/>
  <testcase classname="Selenium.AllActions" name="tenthMethod" time="36.996"/>
</testsuite> <!-- Test -->
