<?xml version="1.0" encoding="UTF-8"?>
<!-- Generated by org.testng.reporters.JUnitXMLReporter -->
<testsuite ignored="0" hostname="DESKTOP-7KF4DCN" failures="0" tests="14" name="Test" time="82.679" errors="0" timestamp="2026-01-13T13:59:12 IST">
  <testcase classname="Test.NG.AppTest" name="shouldAnswerWithTrue" time="0.013"/>
  <testcase classname="Selenium.AuthPopUp" name="testMethod" time="0.748"/>
  <testcase classname="Selenium.FileUpload" name="firstTest" time="13.268"/>
  <testcase classname="Selenium.AllActions" name="firstTest" time="15.42"/>
  <testcase classname="Selenium.AllActions" name="secondTest" time="0.39"/>
  <testcase classname="Selenium.AllActions" name="thirdTest" time="0.076"/>
  <testcase classname="Selenium.AllActions" name="fourthTest" time="4.426"/>
  <testcase classname="Selenium.AllActions" name="fifthTest" time="3.303"/>
  <testcase classname="Selenium.AllActions" name="sixthTest" time="3.219"/>
  <testcase classname="Selenium.AllActions" name="seventhTest" time="3.27"/>
  <testcase classname="Selenium.AllActions" name="eightTest" time="3.306"/>
  <testcase classname="Selenium.AllActions" name="eleventhMethod" time="0.17"/>
  <testcase classname="Selenium.AllActions" name="ninthMethod" time="5.63"/>
  <testcase classname="Selenium.AllActions" name="tenthMethod" time="21.929"/>
</testsuite> <!-- Test -->
