<?xml version="1.0" encoding="UTF-8"?>
<!-- Generated by org.testng.reporters.JUnitXMLReporter -->
<testsuite ignored="0" hostname="DESKTOP-7KF4DCN" failures="1" tests="17" name="Test" time="170.215" errors="0" timestamp="2026-01-06T14:07:24 IST">
  <testcase classname="Selenium.AllActions" name="firstTest" time="0.723"/>
  <testcase classname="Selenium.FileUpload" name="firstTest" time="6.638"/>
  <testcase classname="Test.NG.AppTest" name="shouldAnswerWithTrue" time="0.005"/>
  <testcase classname="Selenium.AuthPopUp" name="testMethod" time="0.062"/>
  <testcase classname="Selenium.AllActions" name="secondTest" time="0.238"/>
  <testcase classname="Selenium.AllActions" name="thirdTest" time="0.06"/>
  <testcase classname="Selenium.AllActions" name="fourthTest" time="4.2"/>
  <testcase classname="Selenium.AllActions" name="fifthTest" time="3.289"/>
  <testcase classname="Selenium.AllActions" name="sixthTest" time="3.173"/>
  <testcase classname="Selenium.AllActions" name="seventhTest" time="3.177"/>
  <testcase classname="Selenium.AllActions" name="eightTest" time="1.736"/>
  <testcase classname="Selenium.AllActions" name="ninthMethod" time="5.179"/>
  <testcase classname="Selenium.AllActions" name="tenthMethod" time="33.181">
    <skipped/>
  </testcase> <!-- tenthMethod -->
  <testcase classname="Selenium.AllActions" name="tenthMethod" time="22.091">
    <skipped/>
  </testcase> <!-- tenthMethod -->
  <testcase classname="Selenium.AllActions" name="tenthMethod" time="24.744">
    <skipped/>
  </testcase> <!-- tenthMethod -->
  <testcase classname="Selenium.AllActions" name="tenthMethod" time="23.745">
    <failure type="java.lang.AssertionError" message="expected [false] but found [true]">
      <![CDATA[java.lang.AssertionError: expected [false] but found [true]
at Selenium.AllActions.tenthMethod(AllActions.java:194)
at java.base/java.util.ArrayList.forEach(ArrayList.java:1511)
... Removed 31 stack frames]]>
    </failure>
  </testcase> <!-- tenthMethod -->
  <testcase classname="Selenium.AllActions" name="eleventhMethod" time="0.147"/>
</testsuite> <!-- Test -->
