<?xml version="1.0" encoding="UTF-8"?>
<!-- Generated by org.testng.reporters.JUnitXMLReporter -->
<testsuite ignored="0" hostname="DESKTOP-7KF4DCN" failures="0" tests="14" name="Test" time="83.312" errors="0" timestamp="2026-01-10T12:16:08 IST">
  <testcase classname="Test.NG.AppTest" name="shouldAnswerWithTrue" time="0.021"/>
  <testcase classname="Selenium.AuthPopUp" name="testMethod" time="0.798"/>
  <testcase classname="Selenium.AllActions" name="firstTest" time="0.622"/>
  <testcase classname="Selenium.AllActions" name="secondTest" time="0.395"/>
  <testcase classname="Selenium.AllActions" name="thirdTest" time="0.113"/>
  <testcase classname="Selenium.FileUpload" name="firstTest" time="9.654"/>
  <testcase classname="Selenium.AllActions" name="fourthTest" time="4.298"/>
  <testcase classname="Selenium.AllActions" name="fifthTest" time="3.395"/>
  <testcase classname="Selenium.AllActions" name="sixthTest" time="3.186"/>
  <testcase classname="Selenium.AllActions" name="seventhTest" time="3.203"/>
  <testcase classname="Selenium.AllActions" name="eightTest" time="3.04"/>
  <testcase classname="Selenium.AllActions" name="eleventhMethod" time="0.225"/>
  <testcase classname="Selenium.AllActions" name="ninthMethod" time="5.433"/>
  <testcase classname="Selenium.AllActions" name="tenthMethod" time="25.657"/>
</testsuite> <!-- Test -->
