<?xml version="1.0" encoding="UTF-8"?>
<testng-results ignored="0" total="14" passed="14" failed="0" skipped="0">
  <reporter-output>
  </reporter-output>
  <suite started-at="2026-01-09T17:57:51 IST" name="Suite" finished-at="2026-01-09T17:59:15 IST" duration-ms="84700">
    <groups>
      <group name="window switching">
        <method signature="AllActions.eightTest()[pri:7, instance:Selenium.AllActions@3ecd267f]" name="eightTest" class="Selenium.AllActions"/>
        <method signature="AllActions.ninthMethod()[pri:8, instance:Selenium.AllActions@3ecd267f]" name="ninthMethod" class="Selenium.AllActions"/>
      </group> <!-- window switching -->
    </groups>
    <test started-at="2026-01-09T17:57:51 IST" name="Test" finished-at="2026-01-09T17:59:15 IST" duration-ms="84700">
      <class name="Test.NG.AppTest">
        <test-method is-config="true" signature="beforeSuite()[pri:0, instance:Test.NG.AppTest@319bc845]" started-at="2026-01-09T17:57:51 IST" name="beforeSuite" finished-at="2026-01-09T17:57:51 IST" duration-ms="26" status="PASS">
          <reporter-output>
          </reporter-output>
        </test-method> <!-- beforeSuite -->
        <test-method is-config="true" signature="beforeClass()[pri:0, instance:Test.NG.AppTest@319bc845]" started-at="2026-01-09T17:57:51 IST" name="beforeClass" finished-at="2026-01-09T17:57:51 IST" duration-ms="3" status="PASS">
          <reporter-output>
          </reporter-output>
        </test-method> <!-- beforeClass -->
        <test-method is-config="true" signature="beforeMethod()[pri:0, instance:Test.NG.AppTest@319bc845]" started-at="2026-01-09T17:57:51 IST" name="beforeMethod" finished-at="2026-01-09T17:57:51 IST" duration-ms="1" status="PASS">
          <reporter-output>
          </reporter-output>
        </test-method> <!-- beforeMethod -->
        <test-method signature="shouldAnswerWithTrue()[pri:0, instance:Test.NG.AppTest@319bc845]" started-at="2026-01-09T17:57:51 IST" name="shouldAnswerWithTrue" finished-at="2026-01-09T17:57:51 IST" duration-ms="6" status="PASS">
          <reporter-output>
          </reporter-output>
        </test-method> <!-- shouldAnswerWithTrue -->
        <test-method is-config="true" signature="afterMethod()[pri:0, instance:Test.NG.AppTest@319bc845]" started-at="2026-01-09T17:57:51 IST" name="afterMethod" finished-at="2026-01-09T17:57:51 IST" duration-ms="1" status="PASS">
          <reporter-output>
          </reporter-output>
        </test-method> <!-- afterMethod -->
        <test-method is-config="true" signature="afterClass()[pri:0, instance:Test.NG.AppTest@319bc845]" started-at="2026-01-09T17:57:51 IST" name="afterClass" finished-at="2026-01-09T17:57:51 IST" duration-ms="1" status="PASS">
          <reporter-output>
          </reporter-output>
        </test-method> <!-- afterClass -->
        <test-method is-config="true" signature="afterSuite()[pri:0, instance:Test.NG.AppTest@319bc845]" started-at="2026-01-09T17:59:16 IST" name="afterSuite" finished-at="2026-01-09T17:59:16 IST" duration-ms="1" status="PASS">
          <reporter-output>
          </reporter-output>
        </test-method> <!-- afterSuite -->
      </class> <!-- Test.NG.AppTest -->
      <class name="Selenium.AllActions">
        <test-method is-config="true" signature="beforeClass()[pri:0, instance:Selenium.AllActions@3ecd267f]" started-at="2026-01-09T17:57:51 IST" name="beforeClass" finished-at="2026-01-09T17:58:09 IST" duration-ms="17855" status="PASS">
          <reporter-output>
          </reporter-output>
        </test-method> <!-- beforeClass -->
        <test-method is-config="true" signature="beforeMethod()[pri:0, instance:Selenium.AllActions@3ecd267f]" started-at="2026-01-09T17:58:09 IST" name="beforeMethod" finished-at="2026-01-09T17:58:09 IST" duration-ms="33" status="PASS">
          <reporter-output>
          </reporter-output>
        </test-method> <!-- beforeMethod -->
        <test-method signature="firstTest()[pri:0, instance:Selenium.AllActions@3ecd267f]" started-at="2026-01-09T17:58:09 IST" name="firstTest" description="Handling Multi Select dropdown" finished-at="2026-01-09T17:58:26 IST" duration-ms="17460" status="PASS">
          <reporter-output>
          </reporter-output>
        </test-method> <!-- firstTest -->
        <test-method is-config="true" signature="afterMethod(org.testng.ITestResult)[pri:0, instance:Selenium.AllActions@3ecd267f]" started-at="2026-01-09T17:58:26 IST" name="afterMethod" finished-at="2026-01-09T17:58:26 IST" duration-ms="5" status="PASS">
          <params>
            <param index="0">
              <value>
                <![CDATA[[TestResult name=firstTest status=SUCCESS method=AllActions.firstTest()[pri:0, instance:Selenium.AllActions@3ecd267f] output={null}]]]>
              </value>
            </param>
          </params>
          <reporter-output>
          </reporter-output>
        </test-method> <!-- afterMethod -->
        <test-method is-config="true" signature="beforeMethod()[pri:0, instance:Selenium.AllActions@3ecd267f]" started-at="2026-01-09T17:58:26 IST" name="beforeMethod" finished-at="2026-01-09T17:58:26 IST" duration-ms="1" status="PASS">
          <reporter-output>
          </reporter-output>
        </test-method> <!-- beforeMethod -->
        <test-method signature="secondTest()[pri:1, instance:Selenium.AllActions@3ecd267f]" started-at="2026-01-09T17:58:26 IST" name="secondTest" description="Handling single select dropdown" finished-at="2026-01-09T17:58:27 IST" duration-ms="386" status="PASS">
          <reporter-output>
          </reporter-output>
        </test-method> <!-- secondTest -->
        <test-method is-config="true" signature="afterMethod(org.testng.ITestResult)[pri:0, instance:Selenium.AllActions@3ecd267f]" started-at="2026-01-09T17:58:27 IST" name="afterMethod" finished-at="2026-01-09T17:58:27 IST" duration-ms="7" status="PASS">
          <params>
            <param index="0">
              <value>
                <![CDATA[[TestResult name=secondTest status=SUCCESS method=AllActions.secondTest()[pri:1, instance:Selenium.AllActions@3ecd267f] output={null}]]]>
              </value>
            </param>
          </params>
          <reporter-output>
          </reporter-output>
        </test-method> <!-- afterMethod -->
        <test-method is-config="true" signature="beforeMethod()[pri:0, instance:Selenium.AllActions@3ecd267f]" started-at="2026-01-09T17:58:27 IST" name="beforeMethod" finished-at="2026-01-09T17:58:27 IST" duration-ms="1" status="PASS">
          <reporter-output>
          </reporter-output>
        </test-method> <!-- beforeMethod -->
        <test-method signature="thirdTest()[pri:2, instance:Selenium.AllActions@3ecd267f]" started-at="2026-01-09T17:58:27 IST" name="thirdTest" description="Clicking on disable button using JS Executor" finished-at="2026-01-09T17:58:27 IST" duration-ms="49" status="PASS">
          <reporter-output>
          </reporter-output>
        </test-method> <!-- thirdTest -->
        <test-method is-config="true" signature="afterMethod(org.testng.ITestResult)[pri:0, instance:Selenium.AllActions@3ecd267f]" started-at="2026-01-09T17:58:27 IST" name="afterMethod" finished-at="2026-01-09T17:58:27 IST" duration-ms="0" status="PASS">
          <params>
            <param index="0">
              <value>
                <![CDATA[[TestResult name=thirdTest status=SUCCESS method=AllActions.thirdTest()[pri:2, instance:Selenium.AllActions@3ecd267f] output={null}]]]>
              </value>
            </param>
          </params>
          <reporter-output>
          </reporter-output>
        </test-method> <!-- afterMethod -->
        <test-method signature="fourthTest()[pri:3, instance:Selenium.AllActions@3ecd267f]" started-at="2026-01-09T17:58:27 IST" name="fourthTest" description="Entering value in text box with JS Executor" finished-at="2026-01-09T17:58:31 IST" duration-ms="4170" status="PASS">
          <reporter-output>
          </reporter-output>
        </test-method> <!-- fourthTest -->
        <test-method is-config="true" signature="beforeMethod()[pri:0, instance:Selenium.AllActions@3ecd267f]" started-at="2026-01-09T17:58:27 IST" name="beforeMethod" finished-at="2026-01-09T17:58:27 IST" duration-ms="0" status="PASS">
          <reporter-output>
          </reporter-output>
        </test-method> <!-- beforeMethod -->
        <test-method is-config="true" signature="afterMethod(org.testng.ITestResult)[pri:0, instance:Selenium.AllActions@3ecd267f]" started-at="2026-01-09T17:58:31 IST" name="afterMethod" finished-at="2026-01-09T17:58:31 IST" duration-ms="0" status="PASS">
          <params>
            <param index="0">
              <value>
                <![CDATA[[TestResult name=fourthTest status=SUCCESS method=AllActions.fourthTest()[pri:3, instance:Selenium.AllActions@3ecd267f] output={null}]]]>
              </value>
            </param>
          </params>
          <reporter-output>
          </reporter-output>
        </test-method> <!-- afterMethod -->
        <test-method is-config="true" signature="beforeMethod()[pri:0, instance:Selenium.AllActions@3ecd267f]" started-at="2026-01-09T17:58:31 IST" name="beforeMethod" finished-at="2026-01-09T17:58:31 IST" duration-ms="1" status="PASS">
          <reporter-output>
          </reporter-output>
        </test-method> <!-- beforeMethod -->
        <test-method signature="fifthTest()[pri:4, instance:Selenium.AllActions@3ecd267f]" started-at="2026-01-09T17:58:31 IST" name="fifthTest" description="Switching to JavaScript alert and accepting the same" finished-at="2026-01-09T17:58:34 IST" duration-ms="3264" status="PASS">
          <reporter-output>
          </reporter-output>
        </test-method> <!-- fifthTest -->
        <test-method is-config="true" signature="afterMethod(org.testng.ITestResult)[pri:0, instance:Selenium.AllActions@3ecd267f]" started-at="2026-01-09T17:58:34 IST" name="afterMethod" finished-at="2026-01-09T17:58:34 IST" duration-ms="1" status="PASS">
          <params>
            <param index="0">
              <value>
                <![CDATA[[TestResult name=fifthTest status=SUCCESS method=AllActions.fifthTest()[pri:4, instance:Selenium.AllActions@3ecd267f] output={null}]]]>
              </value>
            </param>
          </params>
          <reporter-output>
          </reporter-output>
        </test-method> <!-- afterMethod -->
        <test-method is-config="true" signature="beforeMethod()[pri:0, instance:Selenium.AllActions@3ecd267f]" started-at="2026-01-09T17:58:34 IST" name="beforeMethod" finished-at="2026-01-09T17:58:34 IST" duration-ms="1" status="PASS">
          <reporter-output>
          </reporter-output>
        </test-method> <!-- beforeMethod -->
        <test-method signature="sixthTest()[pri:5, instance:Selenium.AllActions@3ecd267f]" started-at="2026-01-09T17:58:34 IST" name="sixthTest" description="Switching to JavaScript alert and dismissing the same" finished-at="2026-01-09T17:58:37 IST" duration-ms="3192" status="PASS">
          <reporter-output>
          </reporter-output>
        </test-method> <!-- sixthTest -->
        <test-method is-config="true" signature="afterMethod(org.testng.ITestResult)[pri:0, instance:Selenium.AllActions@3ecd267f]" started-at="2026-01-09T17:58:37 IST" name="afterMethod" finished-at="2026-01-09T17:58:37 IST" duration-ms="1" status="PASS">
          <params>
            <param index="0">
              <value>
                <![CDATA[[TestResult name=sixthTest status=SUCCESS method=AllActions.sixthTest()[pri:5, instance:Selenium.AllActions@3ecd267f] output={null}]]]>
              </value>
            </param>
          </params>
          <reporter-output>
          </reporter-output>
        </test-method> <!-- afterMethod -->
        <test-method is-config="true" signature="beforeMethod()[pri:0, instance:Selenium.AllActions@3ecd267f]" started-at="2026-01-09T17:58:37 IST" name="beforeMethod" finished-at="2026-01-09T17:58:37 IST" duration-ms="1" status="PASS">
          <reporter-output>
          </reporter-output>
        </test-method> <!-- beforeMethod -->
        <test-method signature="seventhTest()[pri:6, instance:Selenium.AllActions@3ecd267f]" started-at="2026-01-09T17:58:37 IST" name="seventhTest" description="Entering value into prompt and accepting the alert" finished-at="2026-01-09T17:58:41 IST" duration-ms="3495" status="PASS">
          <reporter-output>
          </reporter-output>
        </test-method> <!-- seventhTest -->
        <test-method is-config="true" signature="afterMethod(org.testng.ITestResult)[pri:0, instance:Selenium.AllActions@3ecd267f]" started-at="2026-01-09T17:58:41 IST" name="afterMethod" finished-at="2026-01-09T17:58:41 IST" duration-ms="2" status="PASS">
          <params>
            <param index="0">
              <value>
                <![CDATA[[TestResult name=seventhTest status=SUCCESS method=AllActions.seventhTest()[pri:6, instance:Selenium.AllActions@3ecd267f] output={null}]]]>
              </value>
            </param>
          </params>
          <reporter-output>
          </reporter-output>
        </test-method> <!-- afterMethod -->
        <test-method is-config="true" signature="beforeMethod()[pri:0, instance:Selenium.AllActions@3ecd267f]" started-at="2026-01-09T17:58:41 IST" name="beforeMethod" finished-at="2026-01-09T17:58:41 IST" duration-ms="1" status="PASS">
          <reporter-output>
          </reporter-output>
        </test-method> <!-- beforeMethod -->
        <test-method signature="eightTest()[pri:7, instance:Selenium.AllActions@3ecd267f]" started-at="2026-01-09T17:58:41 IST" name="eightTest" description="Switching into popup" finished-at="2026-01-09T17:58:41 IST" duration-ms="366" status="PASS">
          <reporter-output>
          </reporter-output>
        </test-method> <!-- eightTest -->
        <test-method is-config="true" signature="afterMethod(org.testng.ITestResult)[pri:0, instance:Selenium.AllActions@3ecd267f]" started-at="2026-01-09T17:58:41 IST" name="afterMethod" finished-at="2026-01-09T17:58:41 IST" duration-ms="1" status="PASS">
          <params>
            <param index="0">
              <value>
                <![CDATA[[TestResult name=eightTest status=SUCCESS method=AllActions.eightTest()[pri:7, instance:Selenium.AllActions@3ecd267f] output={null}]]]>
              </value>
            </param>
          </params>
          <reporter-output>
          </reporter-output>
        </test-method> <!-- afterMethod -->
        <test-method is-config="true" signature="beforeMethod()[pri:0, instance:Selenium.AllActions@3ecd267f]" started-at="2026-01-09T17:58:41 IST" name="beforeMethod" finished-at="2026-01-09T17:58:41 IST" duration-ms="2" status="PASS">
          <reporter-output>
          </reporter-output>
        </test-method> <!-- beforeMethod -->
        <test-method signature="eleventhMethod()[pri:10, instance:Selenium.AllActions@3ecd267f]" started-at="2026-01-09T17:58:41 IST" name="eleventhMethod" description="Taking screenshot in selenium " finished-at="2026-01-09T17:58:42 IST" duration-ms="482" status="PASS">
          <reporter-output>
          </reporter-output>
        </test-method> <!-- eleventhMethod -->
        <test-method is-config="true" signature="afterMethod(org.testng.ITestResult)[pri:0, instance:Selenium.AllActions@3ecd267f]" started-at="2026-01-09T17:58:42 IST" name="afterMethod" finished-at="2026-01-09T17:58:42 IST" duration-ms="1" status="PASS">
          <params>
            <param index="0">
              <value>
                <![CDATA[[TestResult name=eleventhMethod status=SUCCESS method=AllActions.eleventhMethod()[pri:10, instance:Selenium.AllActions@3ecd267f] output={null}]]]>
              </value>
            </param>
          </params>
          <reporter-output>
          </reporter-output>
        </test-method> <!-- afterMethod -->
        <test-method is-config="true" signature="beforeMethod()[pri:0, instance:Selenium.AllActions@3ecd267f]" started-at="2026-01-09T17:58:42 IST" name="beforeMethod" finished-at="2026-01-09T17:58:42 IST" duration-ms="1" status="PASS">
          <reporter-output>
          </reporter-output>
        </test-method> <!-- beforeMethod -->
        <test-method signature="ninthMethod()[pri:8, instance:Selenium.AllActions@3ecd267f]" started-at="2026-01-09T17:58:42 IST" name="ninthMethod" description="Handling file upload" finished-at="2026-01-09T17:58:47 IST" depends-on-methods="Selenium.AllActions.eightTest" duration-ms="5284" status="PASS">
          <reporter-output>
          </reporter-output>
        </test-method> <!-- ninthMethod -->
        <test-method is-config="true" signature="afterMethod(org.testng.ITestResult)[pri:0, instance:Selenium.AllActions@3ecd267f]" started-at="2026-01-09T17:58:47 IST" name="afterMethod" finished-at="2026-01-09T17:58:47 IST" duration-ms="1" status="PASS">
          <params>
            <param index="0">
              <value>
                <![CDATA[[TestResult name=ninthMethod status=SUCCESS method=AllActions.ninthMethod()[pri:8, instance:Selenium.AllActions@3ecd267f] output={null}]]]>
              </value>
            </param>
          </params>
          <reporter-output>
          </reporter-output>
        </test-method> <!-- afterMethod -->
        <test-method is-config="true" signature="beforeMethod()[pri:0, instance:Selenium.AllActions@3ecd267f]" started-at="2026-01-09T17:58:47 IST" name="beforeMethod" finished-at="2026-01-09T17:58:47 IST" duration-ms="1" status="PASS">
          <reporter-output>
          </reporter-output>
        </test-method> <!-- beforeMethod -->
        <test-method signature="tenthMethod()[pri:9, instance:Selenium.AllActions@3ecd267f]" started-at="2026-01-09T17:58:47 IST" name="tenthMethod" description="Explicit wait and navigating backwards and page refresh" depends-on-groups="window switching" finished-at="2026-01-09T17:59:10 IST" duration-ms="23065" status="PASS">
          <reporter-output>
          </reporter-output>
        </test-method> <!-- tenthMethod -->
        <test-method is-config="true" signature="afterMethod(org.testng.ITestResult)[pri:0, instance:Selenium.AllActions@3ecd267f]" started-at="2026-01-09T17:59:10 IST" name="afterMethod" finished-at="2026-01-09T17:59:10 IST" duration-ms="6" status="PASS">
          <params>
            <param index="0">
              <value>
                <![CDATA[[TestResult name=tenthMethod status=SUCCESS method=AllActions.tenthMethod()[pri:9, instance:Selenium.AllActions@3ecd267f] output={null}]]]>
              </value>
            </param>
          </params>
          <reporter-output>
          </reporter-output>
        </test-method> <!-- afterMethod -->
        <test-method is-config="true" signature="afterClass()[pri:0, instance:Selenium.AllActions@3ecd267f]" started-at="2026-01-09T17:59:10 IST" name="afterClass" finished-at="2026-01-09T17:59:15 IST" duration-ms="5363" status="PASS">
          <reporter-output>
          </reporter-output>
        </test-method> <!-- afterClass -->
      </class> <!-- Selenium.AllActions -->
      <class name="Selenium.AuthPopUp">
        <test-method is-config="true" signature="beforeClass()[pri:0, instance:Selenium.AuthPopUp@7e276594]" started-at="2026-01-09T17:57:51 IST" name="beforeClass" finished-at="2026-01-09T17:58:13 IST" duration-ms="21975" status="PASS">
          <reporter-output>
          </reporter-output>
        </test-method> <!-- beforeClass -->
        <test-method is-config="true" signature="beforeMethod()[pri:0, instance:Selenium.AuthPopUp@7e276594]" started-at="2026-01-09T17:58:13 IST" name="beforeMethod" finished-at="2026-01-09T17:58:13 IST" duration-ms="1" status="PASS">
          <reporter-output>
          </reporter-output>
        </test-method> <!-- beforeMethod -->
        <test-method signature="testMethod()[pri:0, instance:Selenium.AuthPopUp@7e276594]" started-at="2026-01-09T17:58:13 IST" name="testMethod" finished-at="2026-01-09T17:58:13 IST" duration-ms="409" status="PASS">
          <reporter-output>
          </reporter-output>
        </test-method> <!-- testMethod -->
        <test-method is-config="true" signature="afterClass()[pri:0, instance:Selenium.AuthPopUp@7e276594]" started-at="2026-01-09T17:58:13 IST" name="afterClass" finished-at="2026-01-09T17:58:24 IST" duration-ms="11180" status="PASS">
          <reporter-output>
          </reporter-output>
        </test-method> <!-- afterClass -->
      </class> <!-- Selenium.AuthPopUp -->
      <class name="Selenium.FileUpload">
        <test-method is-config="true" signature="beforeClass()[pri:0, instance:Selenium.FileUpload@4c5474f5]" started-at="2026-01-09T17:57:51 IST" name="beforeClass" finished-at="2026-01-09T17:58:13 IST" duration-ms="22320" status="PASS">
          <reporter-output>
          </reporter-output>
        </test-method> <!-- beforeClass -->
        <test-method signature="firstTest()[pri:0, instance:Selenium.FileUpload@4c5474f5]" started-at="2026-01-09T17:58:13 IST" name="firstTest" finished-at="2026-01-09T17:58:23 IST" duration-ms="9770" status="PASS">
          <reporter-output>
          </reporter-output>
        </test-method> <!-- firstTest -->
        <test-method is-config="true" signature="beforeMethod()[pri:0, instance:Selenium.FileUpload@4c5474f5]" started-at="2026-01-09T17:58:13 IST" name="beforeMethod" finished-at="2026-01-09T17:58:13 IST" duration-ms="0" status="PASS">
          <reporter-output>
          </reporter-output>
        </test-method> <!-- beforeMethod -->
        <test-method is-config="true" signature="afterClass()[pri:0, instance:Selenium.FileUpload@4c5474f5]" started-at="2026-01-09T17:58:23 IST" name="afterClass" finished-at="2026-01-09T17:58:26 IST" duration-ms="2943" status="PASS">
          <reporter-output>
          </reporter-output>
        </test-method> <!-- afterClass -->
      </class> <!-- Selenium.FileUpload -->
    </test> <!-- Test -->
  </suite> <!-- Suite -->
</testng-results>
