<?xml version="1.0" encoding="UTF-8"?>
<testsuite xmlns:xsi="http://www.w3.org/2001/XMLSchema-instance" xsi:noNamespaceSchemaLocation="https://maven.apache.org/surefire/maven-surefire-plugin/xsd/surefire-test-report-3.0.xsd" version="3.0" name="TestSuite" time="72.38" tests="14" errors="0" skipped="0" failures="0">
  <properties>
[...]
</properties>
  <testcase name="shouldAnswerWithTrue" classname="Test.NG.AppTest" time="0.026">
    <system-out><![CDATA[Before Suite
BeforeClass
Before Method
Hello from test method
]]></system-out>
  </testcase>
  <testcase name="testMethod" classname="Selenium.AuthPopUp" time="0.102">
    <system-out><![CDATA[After method
After Class
14:03:02.638 [TestNG-test-Test-2] INFO  io.github.bonigarcia.wdm.WebDriverManager - Using chromedriver 143.0.7499.192 (resolved driver for Chrome 143)
14:03:02.645 [TestNG-test-Test-1] INFO  io.github.bonigarcia.wdm.WebDriverManager - Using chromedriver 143.0.7499.192 (resolved driver for Chrome 143)
14:03:02.646 [TestNG-test-Test-4] INFO  io.github.bonigarcia.wdm.WebDriverManager - Using chromedriver 143.0.7499.192 (resolved driver for Chrome 143)
14:03:02.798 [TestNG-test-Test-2] INFO  io.github.bonigarcia.wdm.WebDriverManager - Exporting webdriver.chrome.driver as C:\Users\DELL\.cache\selenium\chromedriver\win64\143.0.7499.192\chromedriver.exe
14:03:02.800 [TestNG-test-Test-4] INFO  io.github.bonigarcia.wdm.WebDriverManager - Exporting webdriver.chrome.driver as C:\Users\DELL\.cache\selenium\chromedriver\win64\143.0.7499.192\chromedriver.exe
14:03:02.825 [TestNG-test-Test-1] INFO  io.github.bonigarcia.wdm.WebDriverManager - Exporting webdriver.chrome.driver as C:\Users\DELL\.cache\selenium\chromedriver\win64\143.0.7499.192\chromedriver.exe
Before class
Before Method
Test Method
Before class
Before Method
]]></system-out>
  </testcase>
  <testcase name="firstTest" classname="Selenium.FileUpload" time="0.498">
    <system-out><![CDATA[Before class
Before Method
]]></system-out>
  </testcase>
  <testcase name="firstTest" classname="Selenium.AllActions" time="0.646">
    <system-out><![CDATA[After Class
]]></system-out>
  </testcase>
  <testcase name="secondTest" classname="Selenium.AllActions" time="0.691">
    <system-out><![CDATA[Before Method
]]></system-out>
  </testcase>
  <testcase name="thirdTest" classname="Selenium.AllActions" time="0.055">
    <system-out><![CDATA[Before Method
Clicked on disabled element using javascript executor
]]></system-out>
  </testcase>
  <testcase name="fourthTest" classname="Selenium.AllActions" time="4.268">
    <system-out><![CDATA[Before Method
]]></system-out>
  </testcase>
  <testcase name="fifthTest" classname="Selenium.AllActions" time="3.721">
    <system-out><![CDATA[Before Method
Hello
]]></system-out>
  </testcase>
  <testcase name="sixthTest" classname="Selenium.AllActions" time="3.314">
    <system-out><![CDATA[Before Method
Press OK to confirm
]]></system-out>
  </testcase>
  <testcase name="seventhTest" classname="Selenium.AllActions" time="3.208">
    <system-out><![CDATA[Before Method
]]></system-out>
  </testcase>
  <testcase name="eightTest" classname="Selenium.AllActions" time="0.283">
    <system-out><![CDATA[Before Method
Current winodw id is 1A5CD8673F53DE973BD8398AEE88FEAD
Current id is 1A5CD8673F53DE973BD8398AEE88FEAD
]]></system-out>
  </testcase>
  <testcase name="eleventhMethod" classname="Selenium.AllActions" time="0.699">
    <system-out><![CDATA[Before Method
]]></system-out>
  </testcase>
  <testcase name="ninthMethod" classname="Selenium.AllActions" time="5.245">
    <system-out><![CDATA[Before Method
]]></system-out>
  </testcase>
  <testcase name="tenthMethod" classname="Selenium.AllActions" time="22.061">
    <system-out><![CDATA[Before Method
]]></system-out>
  </testcase>
</testsuite>