<!DOCTYPE html PUBLIC "-//W3C//DTD XHTML 1.1//EN" "https://www.w3.org/TR/xhtml11/DTD/xhtml11.dtd">
<html xmlns="https://www.w3.org/1999/xhtml">
<head>
<meta http-equiv="content-type" content="text/html; charset=UTF-8"/>
<title>TestNG Report</title>
<style type="text/css">table {margin-bottom:10px;border-collapse:collapse;empty-cells:show}th,td {border:1px solid #009;padding:.25em .5em}th {vertical-align:bottom}td {vertical-align:top}table a {font-weight:bold}.stripe td {background-color: #E6EBF9}.num {text-align:right}.passedodd td {background-color: #3F3}.passedeven td {background-color: #0A0}.skippedodd td {background-color: #DDD}.skippedeven td {background-color: #CCC}.failedodd td,.attn {background-color: #F33}.failedeven td,.stripe .attn {background-color: #D00}.stacktrace {white-space:pre;font-family:monospace}.totop {font-size:85%;text-align:center;border-bottom:2px solid #000}.invisible {display:none}</style>
</head>
<body>
<table>
<tr><th>Test</th><th># Passed</th><th># Skipped</th><th># Retried</th><th># Failed</th><th>Time (ms)</th><th>Included Groups</th><th>Excluded Groups</th></tr>
<tr><th colspan="8">Suite</th></tr>
<tr><td><a href="#t0">Test</a></td><td class="num">13</td><td class="num">0</td><td class="num attn">3</td><td class="num attn">1</td><td class="num">152,912</td><td></td><td></td></tr>
</table>
<table id='summary'><thead><tr><th>Class</th><th>Method</th><th>Start</th><th>Time (ms)</th></tr></thead><tbody><tr><th colspan="4">Suite</th></tr></tbody><tbody id="t0"><tr><th colspan="4">Test &#8212; failed</th></tr><tr class="failedeven"><td rowspan="1">Selenium.AllActions</td><td><a href="#m0">tenthMethod</a></td><td rowspan="1">1767697834723</td><td rowspan="1">20806</td></tr><tr><th colspan="4">Test &#8212; retried</th></tr><tr class="retriedeven"><td rowspan="3">Selenium.AllActions</td><td><a href="#m1">tenthMethod</a></td><td rowspan="3">1767697816006</td><td rowspan="3">18713</td></tr><tr class="retriedeven"><td><a href="#m2">tenthMethod</a></td></tr><tr class="retriedeven"><td><a href="#m3">tenthMethod</a></td></tr><tr><th colspan="4">Test &#8212; passed</th></tr><tr class="passedeven"><td rowspan="10">Selenium.AllActions</td><td><a href="#m4">eightTest</a></td><td rowspan="1">1767697766085</td><td rowspan="1">1999</td></tr><tr class="passedeven"><td><a href="#m5">eleventhMethod</a></td><td rowspan="1">1767697855546</td><td rowspan="1">179</td></tr><tr class="passedeven"><td><a href="#m6">fifthTest</a></td><td rowspan="1">1767697756134</td><td rowspan="1">3461</td></tr><tr class="passedeven"><td><a href="#m7">firstTest</a></td><td rowspan="1">1767697725762</td><td rowspan="1">380</td></tr><tr class="passedeven"><td><a href="#m8">fourthTest</a></td><td rowspan="1">1767697751952</td><td rowspan="1">4169</td></tr><tr class="passedeven"><td><a href="#m9">ninthMethod</a></td><td rowspan="1">1767697768094</td><td rowspan="1">5174</td></tr><tr class="passedeven"><td><a href="#m10">secondTest</a></td><td rowspan="1">1767697751662</td><td rowspan="1">242</td></tr><tr class="passedeven"><td><a href="#m11">seventhTest</a></td><td rowspan="1">1767697762845</td><td rowspan="1">3217</td></tr><tr class="passedeven"><td><a href="#m12">sixthTest</a></td><td rowspan="1">1767697759624</td><td rowspan="1">3193</td></tr><tr class="passedeven"><td><a href="#m13">thirdTest</a></td><td rowspan="1">1767697751911</td><td rowspan="1">36</td></tr><tr class="passedodd"><td rowspan="1">Selenium.AuthPopUp</td><td><a href="#m14">testMethod</a></td><td rowspan="1">1767697751172</td><td rowspan="1">62</td></tr><tr class="passedeven"><td rowspan="1">Selenium.FileUpload</td><td><a href="#m15">firstTest</a></td><td rowspan="1">1767697733958</td><td rowspan="1">6605</td></tr><tr class="passedodd"><td rowspan="1">Test.NG.AppTest</td><td><a href="#m16">shouldAnswerWithTrue</a></td><td rowspan="1">1767697742574</td><td rowspan="1">2</td></tr></tbody>
</table>
<h2>Test</h2><h3 id="m0">Selenium.AllActions#tenthMethod</h3><table class="result"><tr><th>Exception</th></tr><tr><td><div class="stacktrace">java.lang.AssertionError: expected [false] but found [true]
	at Selenium.AllActions.tenthMethod(AllActions.java:194)
	at java.base/java.util.ArrayList.forEach(ArrayList.java:1511)
... Removed 31 stack frames</div></td></tr></table><p class="totop"><a href="#summary">back to summary</a></p>
<h3 id="m1">Selenium.AllActions#tenthMethod</h3><table class="result"><tr><th>Exception</th></tr><tr><td><div class="stacktrace">java.lang.AssertionError: expected [false] but found [true]
	at Selenium.AllActions.tenthMethod(AllActions.java:194)
	at java.base/java.util.ArrayList.forEach(ArrayList.java:1511)
... Removed 31 stack frames</div></td></tr></table><p class="totop"><a href="#summary">back to summary</a></p>
<h3 id="m2">Selenium.AllActions#tenthMethod</h3><table class="result"><tr><th>Exception</th></tr><tr><td><div class="stacktrace">java.lang.AssertionError: expected [false] but found [true]
	at Selenium.AllActions.tenthMethod(AllActions.java:194)
	at java.base/java.util.ArrayList.forEach(ArrayList.java:1511)
... Removed 31 stack frames</div></td></tr></table><p class="totop"><a href="#summary">back to summary</a></p>
<h3 id="m3">Selenium.AllActions#tenthMethod</h3><table class="result"><tr><th>Exception</th></tr><tr><td><div class="stacktrace">java.lang.AssertionError: expected [false] but found [true]
	at Selenium.AllActions.tenthMethod(AllActions.java:194)
	at java.base/java.util.ArrayList.forEach(ArrayList.java:1511)
... Removed 31 stack frames</div></td></tr></table><p class="totop"><a href="#summary">back to summary</a></p>
<h3 id="m4">Selenium.AllActions#eightTest</h3><table class="result"><tr><th class="invisible"/></tr></table><p class="totop"><a href="#summary">back to summary</a></p>
<h3 id="m5">Selenium.AllActions#eleventhMethod</h3><table class="result"><tr><th class="invisible"/></tr></table><p class="totop"><a href="#summary">back to summary</a></p>
<h3 id="m6">Selenium.AllActions#fifthTest</h3><table class="result"><tr><th class="invisible"/></tr></table><p class="totop"><a href="#summary">back to summary</a></p>
<h3 id="m7">Selenium.AllActions#firstTest</h3><table class="result"><tr><th class="invisible"/></tr></table><p class="totop"><a href="#summary">back to summary</a></p>
<h3 id="m8">Selenium.AllActions#fourthTest</h3><table class="result"><tr><th class="invisible"/></tr></table><p class="totop"><a href="#summary">back to summary</a></p>
<h3 id="m9">Selenium.AllActions#ninthMethod</h3><table class="result"><tr><th class="invisible"/></tr></table><p class="totop"><a href="#summary">back to summary</a></p>
<h3 id="m10">Selenium.AllActions#secondTest</h3><table class="result"><tr><th class="invisible"/></tr></table><p class="totop"><a href="#summary">back to summary</a></p>
<h3 id="m11">Selenium.AllActions#seventhTest</h3><table class="result"><tr><th class="invisible"/></tr></table><p class="totop"><a href="#summary">back to summary</a></p>
<h3 id="m12">Selenium.AllActions#sixthTest</h3><table class="result"><tr><th class="invisible"/></tr></table><p class="totop"><a href="#summary">back to summary</a></p>
<h3 id="m13">Selenium.AllActions#thirdTest</h3><table class="result"><tr><th class="invisible"/></tr></table><p class="totop"><a href="#summary">back to summary</a></p>
<h3 id="m14">Selenium.AuthPopUp#testMethod</h3><table class="result"><tr><th class="invisible"/></tr></table><p class="totop"><a href="#summary">back to summary</a></p>
<h3 id="m15">Selenium.FileUpload#firstTest</h3><table class="result"><tr><th class="invisible"/></tr></table><p class="totop"><a href="#summary">back to summary</a></p>
<h3 id="m16">Test.NG.AppTest#shouldAnswerWithTrue</h3><table class="result"><tr><th class="invisible"/></tr></table><p class="totop"><a href="#summary">back to summary</a></p>
</body>
</html>
