<?xml version="1.0" encoding="UTF-8"?>
<testng-results ignored="0" total="14" passed="14" failed="0" skipped="0">
  <reporter-output>
  </reporter-output>
  <suite started-at="2026-01-08T12:02:25 IST" name="Suite" finished-at="2026-01-08T12:04:50 IST" duration-ms="145112">
    <groups>
      <group name="window switching">
        <method signature="AllActions.eightTest()[pri:7, instance:Selenium.AllActions@7b8233cd]" name="eightTest" class="Selenium.AllActions"/>
        <method signature="AllActions.ninthMethod()[pri:8, instance:Selenium.AllActions@7b8233cd]" name="ninthMethod" class="Selenium.AllActions"/>
      </group> <!-- window switching -->
    </groups>
    <test started-at="2026-01-08T12:02:25 IST" name="Test" finished-at="2026-01-08T12:04:50 IST" duration-ms="145112">
      <class name="Test.NG.AppTest">
        <test-method is-config="true" signature="beforeSuite()[pri:0, instance:Test.NG.AppTest@2a8d39c4]" started-at="2026-01-08T12:02:25 IST" name="beforeSuite" finished-at="2026-01-08T12:02:25 IST" duration-ms="30" status="PASS">
          <reporter-output>
          </reporter-output>
        </test-method> <!-- beforeSuite -->
        <test-method is-config="true" signature="beforeClass()[pri:0, instance:Test.NG.AppTest@2a8d39c4]" started-at="2026-01-08T12:03:35 IST" name="beforeClass" finished-at="2026-01-08T12:03:35 IST" duration-ms="3" status="PASS">
          <reporter-output>
          </reporter-output>
        </test-method> <!-- beforeClass -->
        <test-method is-config="true" signature="beforeMethod()[pri:0, instance:Test.NG.AppTest@2a8d39c4]" started-at="2026-01-08T12:03:35 IST" name="beforeMethod" finished-at="2026-01-08T12:03:35 IST" duration-ms="1" status="PASS">
          <reporter-output>
          </reporter-output>
        </test-method> <!-- beforeMethod -->
        <test-method signature="shouldAnswerWithTrue()[pri:0, instance:Test.NG.AppTest@2a8d39c4]" started-at="2026-01-08T12:03:35 IST" name="shouldAnswerWithTrue" finished-at="2026-01-08T12:03:35 IST" duration-ms="3" status="PASS">
          <reporter-output>
          </reporter-output>
        </test-method> <!-- shouldAnswerWithTrue -->
        <test-method is-config="true" signature="afterMethod()[pri:0, instance:Test.NG.AppTest@2a8d39c4]" started-at="2026-01-08T12:03:35 IST" name="afterMethod" finished-at="2026-01-08T12:03:35 IST" duration-ms="5" status="PASS">
          <reporter-output>
          </reporter-output>
        </test-method> <!-- afterMethod -->
        <test-method is-config="true" signature="afterClass()[pri:0, instance:Test.NG.AppTest@2a8d39c4]" started-at="2026-01-08T12:03:35 IST" name="afterClass" finished-at="2026-01-08T12:03:35 IST" duration-ms="1" status="PASS">
          <reporter-output>
          </reporter-output>
        </test-method> <!-- afterClass -->
        <test-method is-config="true" signature="afterSuite()[pri:0, instance:Test.NG.AppTest@2a8d39c4]" started-at="2026-01-08T12:04:50 IST" name="afterSuite" finished-at="2026-01-08T12:04:50 IST" duration-ms="2" status="PASS">
          <reporter-output>
          </reporter-output>
        </test-method> <!-- afterSuite -->
      </class> <!-- Test.NG.AppTest -->
      <class name="Selenium.AllActions">
        <test-method is-config="true" signature="beforeClass()[pri:0, instance:Selenium.AllActions@7b8233cd]" started-at="2026-01-08T12:02:25 IST" name="beforeClass" finished-at="2026-01-08T12:02:54 IST" duration-ms="29056" status="PASS">
          <reporter-output>
          </reporter-output>
        </test-method> <!-- beforeClass -->
        <test-method is-config="true" signature="beforeMethod()[pri:0, instance:Selenium.AllActions@7b8233cd]" started-at="2026-01-08T12:02:54 IST" name="beforeMethod" finished-at="2026-01-08T12:02:54 IST" duration-ms="98" status="PASS">
          <reporter-output>
          </reporter-output>
        </test-method> <!-- beforeMethod -->
        <test-method signature="firstTest()[pri:0, instance:Selenium.AllActions@7b8233cd]" started-at="2026-01-08T12:02:54 IST" name="firstTest" description="Handling Multi Select dropdown" finished-at="2026-01-08T12:02:56 IST" duration-ms="1925" status="PASS">
          <reporter-output>
          </reporter-output>
        </test-method> <!-- firstTest -->
        <test-method is-config="true" signature="beforeMethod()[pri:0, instance:Selenium.AllActions@7b8233cd]" started-at="2026-01-08T12:03:49 IST" name="beforeMethod" finished-at="2026-01-08T12:03:49 IST" duration-ms="1" status="PASS">
          <reporter-output>
          </reporter-output>
        </test-method> <!-- beforeMethod -->
        <test-method signature="secondTest()[pri:1, instance:Selenium.AllActions@7b8233cd]" started-at="2026-01-08T12:03:49 IST" name="secondTest" description="Handling single select dropdown" finished-at="2026-01-08T12:03:50 IST" duration-ms="670" status="PASS">
          <reporter-output>
          </reporter-output>
        </test-method> <!-- secondTest -->
        <test-method is-config="true" signature="beforeMethod()[pri:0, instance:Selenium.AllActions@7b8233cd]" started-at="2026-01-08T12:03:50 IST" name="beforeMethod" finished-at="2026-01-08T12:03:50 IST" duration-ms="2" status="PASS">
          <reporter-output>
          </reporter-output>
        </test-method> <!-- beforeMethod -->
        <test-method signature="thirdTest()[pri:2, instance:Selenium.AllActions@7b8233cd]" started-at="2026-01-08T12:03:50 IST" name="thirdTest" description="Clicking on disable button using JS Executor" finished-at="2026-01-08T12:03:50 IST" duration-ms="57" status="PASS">
          <reporter-output>
          </reporter-output>
        </test-method> <!-- thirdTest -->
        <test-method is-config="true" signature="beforeMethod()[pri:0, instance:Selenium.AllActions@7b8233cd]" started-at="2026-01-08T12:03:50 IST" name="beforeMethod" finished-at="2026-01-08T12:03:50 IST" duration-ms="1" status="PASS">
          <reporter-output>
          </reporter-output>
        </test-method> <!-- beforeMethod -->
        <test-method signature="fourthTest()[pri:3, instance:Selenium.AllActions@7b8233cd]" started-at="2026-01-08T12:03:50 IST" name="fourthTest" description="Entering value in text box with JS Executor" finished-at="2026-01-08T12:03:54 IST" duration-ms="4295" status="PASS">
          <reporter-output>
          </reporter-output>
        </test-method> <!-- fourthTest -->
        <test-method is-config="true" signature="beforeMethod()[pri:0, instance:Selenium.AllActions@7b8233cd]" started-at="2026-01-08T12:03:54 IST" name="beforeMethod" finished-at="2026-01-08T12:03:54 IST" duration-ms="1" status="PASS">
          <reporter-output>
          </reporter-output>
        </test-method> <!-- beforeMethod -->
        <test-method signature="fifthTest()[pri:4, instance:Selenium.AllActions@7b8233cd]" started-at="2026-01-08T12:03:54 IST" name="fifthTest" description="Switching to JavaScript alert and accepting the same" finished-at="2026-01-08T12:03:58 IST" duration-ms="3376" status="PASS">
          <reporter-output>
          </reporter-output>
        </test-method> <!-- fifthTest -->
        <test-method is-config="true" signature="beforeMethod()[pri:0, instance:Selenium.AllActions@7b8233cd]" started-at="2026-01-08T12:03:58 IST" name="beforeMethod" finished-at="2026-01-08T12:03:58 IST" duration-ms="1" status="PASS">
          <reporter-output>
          </reporter-output>
        </test-method> <!-- beforeMethod -->
        <test-method signature="sixthTest()[pri:5, instance:Selenium.AllActions@7b8233cd]" started-at="2026-01-08T12:03:58 IST" name="sixthTest" description="Switching to JavaScript alert and dismissing the same" finished-at="2026-01-08T12:04:01 IST" duration-ms="3327" status="PASS">
          <reporter-output>
          </reporter-output>
        </test-method> <!-- sixthTest -->
        <test-method is-config="true" signature="beforeMethod()[pri:0, instance:Selenium.AllActions@7b8233cd]" started-at="2026-01-08T12:04:01 IST" name="beforeMethod" finished-at="2026-01-08T12:04:01 IST" duration-ms="11" status="PASS">
          <reporter-output>
          </reporter-output>
        </test-method> <!-- beforeMethod -->
        <test-method signature="seventhTest()[pri:6, instance:Selenium.AllActions@7b8233cd]" started-at="2026-01-08T12:04:01 IST" name="seventhTest" description="Entering value into prompt and accepting the alert" finished-at="2026-01-08T12:04:04 IST" duration-ms="3388" status="PASS">
          <reporter-output>
          </reporter-output>
        </test-method> <!-- seventhTest -->
        <test-method is-config="true" signature="beforeMethod()[pri:0, instance:Selenium.AllActions@7b8233cd]" started-at="2026-01-08T12:04:04 IST" name="beforeMethod" finished-at="2026-01-08T12:04:04 IST" duration-ms="4" status="PASS">
          <reporter-output>
          </reporter-output>
        </test-method> <!-- beforeMethod -->
        <test-method signature="eightTest()[pri:7, instance:Selenium.AllActions@7b8233cd]" started-at="2026-01-08T12:04:04 IST" name="eightTest" description="Switching into popup" finished-at="2026-01-08T12:04:09 IST" duration-ms="4558" status="PASS">
          <reporter-output>
          </reporter-output>
        </test-method> <!-- eightTest -->
        <test-method is-config="true" signature="beforeMethod()[pri:0, instance:Selenium.AllActions@7b8233cd]" started-at="2026-01-08T12:04:09 IST" name="beforeMethod" finished-at="2026-01-08T12:04:09 IST" duration-ms="2" status="PASS">
          <reporter-output>
          </reporter-output>
        </test-method> <!-- beforeMethod -->
        <test-method signature="ninthMethod()[pri:8, instance:Selenium.AllActions@7b8233cd]" started-at="2026-01-08T12:04:09 IST" name="ninthMethod" description="Handling file upload" finished-at="2026-01-08T12:04:14 IST" depends-on-methods="Selenium.AllActions.eightTest" duration-ms="5380" status="PASS">
          <reporter-output>
          </reporter-output>
        </test-method> <!-- ninthMethod -->
        <test-method is-config="true" signature="beforeMethod()[pri:0, instance:Selenium.AllActions@7b8233cd]" started-at="2026-01-08T12:04:15 IST" name="beforeMethod" finished-at="2026-01-08T12:04:15 IST" duration-ms="6" status="PASS">
          <reporter-output>
          </reporter-output>
        </test-method> <!-- beforeMethod -->
        <test-method signature="tenthMethod()[pri:9, instance:Selenium.AllActions@7b8233cd]" started-at="2026-01-08T12:04:15 IST" name="tenthMethod" description="Explicit wait and navigating backwards and page refresh" depends-on-groups="window switching" finished-at="2026-01-08T12:04:49 IST" duration-ms="34056" status="PASS">
          <reporter-output>
          </reporter-output>
        </test-method> <!-- tenthMethod -->
        <test-method is-config="true" signature="beforeMethod()[pri:0, instance:Selenium.AllActions@7b8233cd]" started-at="2026-01-08T12:04:49 IST" name="beforeMethod" finished-at="2026-01-08T12:04:49 IST" duration-ms="1" status="PASS">
          <reporter-output>
          </reporter-output>
        </test-method> <!-- beforeMethod -->
        <test-method signature="eleventhMethod()[pri:10, instance:Selenium.AllActions@7b8233cd]" started-at="2026-01-08T12:04:49 IST" name="eleventhMethod" description="Taking screenshot in selenium " finished-at="2026-01-08T12:04:49 IST" duration-ms="225" status="PASS">
          <reporter-output>
          </reporter-output>
        </test-method> <!-- eleventhMethod -->
        <test-method is-config="true" signature="afterClass()[pri:0, instance:Selenium.AllActions@7b8233cd]" started-at="2026-01-08T12:04:49 IST" name="afterClass" finished-at="2026-01-08T12:04:50 IST" duration-ms="1375" status="PASS">
          <reporter-output>
          </reporter-output>
        </test-method> <!-- afterClass -->
      </class> <!-- Selenium.AllActions -->
      <class name="Selenium.AuthPopUp">
        <test-method is-config="true" signature="beforeClass()[pri:0, instance:Selenium.AuthPopUp@5c00384f]" started-at="2026-01-08T12:03:35 IST" name="beforeClass" finished-at="2026-01-08T12:03:41 IST" duration-ms="5930" status="PASS">
          <reporter-output>
          </reporter-output>
        </test-method> <!-- beforeClass -->
        <test-method is-config="true" signature="beforeMethod()[pri:0, instance:Selenium.AuthPopUp@5c00384f]" started-at="2026-01-08T12:03:41 IST" name="beforeMethod" finished-at="2026-01-08T12:03:41 IST" duration-ms="1" status="PASS">
          <reporter-output>
          </reporter-output>
        </test-method> <!-- beforeMethod -->
        <test-method signature="testMethod()[pri:0, instance:Selenium.AuthPopUp@5c00384f]" started-at="2026-01-08T12:03:41 IST" name="testMethod" finished-at="2026-01-08T12:03:45 IST" duration-ms="4176" status="PASS">
          <reporter-output>
          </reporter-output>
        </test-method> <!-- testMethod -->
        <test-method is-config="true" signature="afterClass()[pri:0, instance:Selenium.AuthPopUp@5c00384f]" started-at="2026-01-08T12:03:45 IST" name="afterClass" finished-at="2026-01-08T12:03:49 IST" duration-ms="3724" status="PASS">
          <reporter-output>
          </reporter-output>
        </test-method> <!-- afterClass -->
      </class> <!-- Selenium.AuthPopUp -->
      <class name="Selenium.FileUpload">
        <test-method is-config="true" signature="beforeClass()[pri:0, instance:Selenium.FileUpload@25b2cfcb]" started-at="2026-01-08T12:02:56 IST" name="beforeClass" finished-at="2026-01-08T12:03:18 IST" duration-ms="21844" status="PASS">
          <reporter-output>
          </reporter-output>
        </test-method> <!-- beforeClass -->
        <test-method is-config="true" signature="beforeMethod()[pri:0, instance:Selenium.FileUpload@25b2cfcb]" started-at="2026-01-08T12:03:18 IST" name="beforeMethod" finished-at="2026-01-08T12:03:18 IST" duration-ms="1" status="PASS">
          <reporter-output>
          </reporter-output>
        </test-method> <!-- beforeMethod -->
        <test-method signature="firstTest()[pri:0, instance:Selenium.FileUpload@25b2cfcb]" started-at="2026-01-08T12:03:18 IST" name="firstTest" finished-at="2026-01-08T12:03:30 IST" duration-ms="11849" status="PASS">
          <reporter-output>
          </reporter-output>
        </test-method> <!-- firstTest -->
        <test-method is-config="true" signature="afterClass()[pri:0, instance:Selenium.FileUpload@25b2cfcb]" started-at="2026-01-08T12:03:30 IST" name="afterClass" finished-at="2026-01-08T12:03:35 IST" duration-ms="5147" status="PASS">
          <reporter-output>
          </reporter-output>
        </test-method> <!-- afterClass -->
      </class> <!-- Selenium.FileUpload -->
    </test> <!-- Test -->
  </suite> <!-- Suite -->
</testng-results>
