<?xml version="1.0" encoding="UTF-8"?>
<testng-results ignored="0" total="14" passed="14" failed="0" skipped="0">
  <reporter-output>
  </reporter-output>
  <suite started-at="2026-01-09T17:17:29 IST" name="Suite" finished-at="2026-01-09T17:19:11 IST" duration-ms="101459">
    <groups>
      <group name="window switching">
        <method signature="AllActions.eightTest()[pri:7, instance:Selenium.AllActions@4b20ca2b]" name="eightTest" class="Selenium.AllActions"/>
        <method signature="AllActions.ninthMethod()[pri:8, instance:Selenium.AllActions@4b20ca2b]" name="ninthMethod" class="Selenium.AllActions"/>
      </group> <!-- window switching -->
    </groups>
    <test started-at="2026-01-09T17:17:29 IST" name="Test" finished-at="2026-01-09T17:19:11 IST" duration-ms="101459">
      <class name="Test.NG.AppTest">
        <test-method is-config="true" signature="beforeSuite()[pri:0, instance:Test.NG.AppTest@25b2cfcb]" started-at="2026-01-09T17:17:29 IST" name="beforeSuite" finished-at="2026-01-09T17:17:29 IST" duration-ms="32" status="PASS">
          <reporter-output>
          </reporter-output>
        </test-method> <!-- beforeSuite -->
        <test-method is-config="true" signature="beforeClass()[pri:0, instance:Test.NG.AppTest@25b2cfcb]" started-at="2026-01-09T17:17:29 IST" name="beforeClass" finished-at="2026-01-09T17:17:29 IST" duration-ms="1" status="PASS">
          <reporter-output>
          </reporter-output>
        </test-method> <!-- beforeClass -->
        <test-method is-config="true" signature="beforeMethod()[pri:0, instance:Test.NG.AppTest@25b2cfcb]" started-at="2026-01-09T17:17:30 IST" name="beforeMethod" finished-at="2026-01-09T17:17:30 IST" duration-ms="2" status="PASS">
          <reporter-output>
          </reporter-output>
        </test-method> <!-- beforeMethod -->
        <test-method signature="shouldAnswerWithTrue()[pri:0, instance:Test.NG.AppTest@25b2cfcb]" started-at="2026-01-09T17:17:30 IST" name="shouldAnswerWithTrue" finished-at="2026-01-09T17:17:30 IST" duration-ms="20" status="PASS">
          <reporter-output>
          </reporter-output>
        </test-method> <!-- shouldAnswerWithTrue -->
        <test-method is-config="true" signature="afterMethod()[pri:0, instance:Test.NG.AppTest@25b2cfcb]" started-at="2026-01-09T17:17:30 IST" name="afterMethod" finished-at="2026-01-09T17:17:30 IST" duration-ms="9" status="PASS">
          <reporter-output>
          </reporter-output>
        </test-method> <!-- afterMethod -->
        <test-method is-config="true" signature="afterClass()[pri:0, instance:Test.NG.AppTest@25b2cfcb]" started-at="2026-01-09T17:17:30 IST" name="afterClass" finished-at="2026-01-09T17:17:30 IST" duration-ms="1" status="PASS">
          <reporter-output>
          </reporter-output>
        </test-method> <!-- afterClass -->
        <test-method is-config="true" signature="afterSuite()[pri:0, instance:Test.NG.AppTest@25b2cfcb]" started-at="2026-01-09T17:19:11 IST" name="afterSuite" finished-at="2026-01-09T17:19:11 IST" duration-ms="2" status="PASS">
          <reporter-output>
          </reporter-output>
        </test-method> <!-- afterSuite -->
      </class> <!-- Test.NG.AppTest -->
      <class name="Selenium.AllActions">
        <test-method is-config="true" signature="beforeClass()[pri:0, instance:Selenium.AllActions@4b20ca2b]" started-at="2026-01-09T17:17:29 IST" name="beforeClass" finished-at="2026-01-09T17:18:19 IST" duration-ms="49229" status="PASS">
          <reporter-output>
          </reporter-output>
        </test-method> <!-- beforeClass -->
        <test-method is-config="true" signature="beforeMethod()[pri:0, instance:Selenium.AllActions@4b20ca2b]" started-at="2026-01-09T17:18:19 IST" name="beforeMethod" finished-at="2026-01-09T17:18:19 IST" duration-ms="2" status="PASS">
          <reporter-output>
          </reporter-output>
        </test-method> <!-- beforeMethod -->
        <test-method signature="firstTest()[pri:0, instance:Selenium.AllActions@4b20ca2b]" started-at="2026-01-09T17:18:19 IST" name="firstTest" description="Handling Multi Select dropdown" finished-at="2026-01-09T17:18:20 IST" duration-ms="1097" status="PASS">
          <reporter-output>
          </reporter-output>
        </test-method> <!-- firstTest -->
        <test-method is-config="true" signature="afterMethod(org.testng.ITestResult)[pri:0, instance:Selenium.AllActions@4b20ca2b]" started-at="2026-01-09T17:18:20 IST" name="afterMethod" finished-at="2026-01-09T17:18:20 IST" duration-ms="20" status="PASS">
          <params>
            <param index="0">
              <value>
                <![CDATA[[TestResult name=firstTest status=SUCCESS method=AllActions.firstTest()[pri:0, instance:Selenium.AllActions@4b20ca2b] output={null}]]]>
              </value>
            </param>
          </params>
          <reporter-output>
          </reporter-output>
        </test-method> <!-- afterMethod -->
        <test-method is-config="true" signature="beforeMethod()[pri:0, instance:Selenium.AllActions@4b20ca2b]" started-at="2026-01-09T17:18:20 IST" name="beforeMethod" finished-at="2026-01-09T17:18:20 IST" duration-ms="0" status="PASS">
          <reporter-output>
          </reporter-output>
        </test-method> <!-- beforeMethod -->
        <test-method signature="secondTest()[pri:1, instance:Selenium.AllActions@4b20ca2b]" started-at="2026-01-09T17:18:20 IST" name="secondTest" description="Handling single select dropdown" finished-at="2026-01-09T17:18:21 IST" duration-ms="634" status="PASS">
          <reporter-output>
          </reporter-output>
        </test-method> <!-- secondTest -->
        <test-method is-config="true" signature="afterMethod(org.testng.ITestResult)[pri:0, instance:Selenium.AllActions@4b20ca2b]" started-at="2026-01-09T17:18:21 IST" name="afterMethod" finished-at="2026-01-09T17:18:21 IST" duration-ms="2" status="PASS">
          <params>
            <param index="0">
              <value>
                <![CDATA[[TestResult name=secondTest status=SUCCESS method=AllActions.secondTest()[pri:1, instance:Selenium.AllActions@4b20ca2b] output={null}]]]>
              </value>
            </param>
          </params>
          <reporter-output>
          </reporter-output>
        </test-method> <!-- afterMethod -->
        <test-method is-config="true" signature="beforeMethod()[pri:0, instance:Selenium.AllActions@4b20ca2b]" started-at="2026-01-09T17:18:21 IST" name="beforeMethod" finished-at="2026-01-09T17:18:21 IST" duration-ms="5" status="PASS">
          <reporter-output>
          </reporter-output>
        </test-method> <!-- beforeMethod -->
        <test-method signature="thirdTest()[pri:2, instance:Selenium.AllActions@4b20ca2b]" started-at="2026-01-09T17:18:21 IST" name="thirdTest" description="Clicking on disable button using JS Executor" finished-at="2026-01-09T17:18:21 IST" duration-ms="97" status="PASS">
          <reporter-output>
          </reporter-output>
        </test-method> <!-- thirdTest -->
        <test-method is-config="true" signature="afterMethod(org.testng.ITestResult)[pri:0, instance:Selenium.AllActions@4b20ca2b]" started-at="2026-01-09T17:18:21 IST" name="afterMethod" finished-at="2026-01-09T17:18:21 IST" duration-ms="4" status="PASS">
          <params>
            <param index="0">
              <value>
                <![CDATA[[TestResult name=thirdTest status=SUCCESS method=AllActions.thirdTest()[pri:2, instance:Selenium.AllActions@4b20ca2b] output={null}]]]>
              </value>
            </param>
          </params>
          <reporter-output>
          </reporter-output>
        </test-method> <!-- afterMethod -->
        <test-method is-config="true" signature="beforeMethod()[pri:0, instance:Selenium.AllActions@4b20ca2b]" started-at="2026-01-09T17:18:21 IST" name="beforeMethod" finished-at="2026-01-09T17:18:21 IST" duration-ms="1" status="PASS">
          <reporter-output>
          </reporter-output>
        </test-method> <!-- beforeMethod -->
        <test-method signature="fourthTest()[pri:3, instance:Selenium.AllActions@4b20ca2b]" started-at="2026-01-09T17:18:21 IST" name="fourthTest" description="Entering value in text box with JS Executor" finished-at="2026-01-09T17:18:25 IST" duration-ms="4362" status="PASS">
          <reporter-output>
          </reporter-output>
        </test-method> <!-- fourthTest -->
        <test-method is-config="true" signature="afterMethod(org.testng.ITestResult)[pri:0, instance:Selenium.AllActions@4b20ca2b]" started-at="2026-01-09T17:18:25 IST" name="afterMethod" finished-at="2026-01-09T17:18:25 IST" duration-ms="2" status="PASS">
          <params>
            <param index="0">
              <value>
                <![CDATA[[TestResult name=fourthTest status=SUCCESS method=AllActions.fourthTest()[pri:3, instance:Selenium.AllActions@4b20ca2b] output={null}]]]>
              </value>
            </param>
          </params>
          <reporter-output>
          </reporter-output>
        </test-method> <!-- afterMethod -->
        <test-method is-config="true" signature="beforeMethod()[pri:0, instance:Selenium.AllActions@4b20ca2b]" started-at="2026-01-09T17:18:25 IST" name="beforeMethod" finished-at="2026-01-09T17:18:25 IST" duration-ms="1" status="PASS">
          <reporter-output>
          </reporter-output>
        </test-method> <!-- beforeMethod -->
        <test-method signature="fifthTest()[pri:4, instance:Selenium.AllActions@4b20ca2b]" started-at="2026-01-09T17:18:25 IST" name="fifthTest" description="Switching to JavaScript alert and accepting the same" finished-at="2026-01-09T17:18:28 IST" duration-ms="3338" status="PASS">
          <reporter-output>
          </reporter-output>
        </test-method> <!-- fifthTest -->
        <test-method is-config="true" signature="afterMethod(org.testng.ITestResult)[pri:0, instance:Selenium.AllActions@4b20ca2b]" started-at="2026-01-09T17:18:28 IST" name="afterMethod" finished-at="2026-01-09T17:18:28 IST" duration-ms="3" status="PASS">
          <params>
            <param index="0">
              <value>
                <![CDATA[[TestResult name=fifthTest status=SUCCESS method=AllActions.fifthTest()[pri:4, instance:Selenium.AllActions@4b20ca2b] output={null}]]]>
              </value>
            </param>
          </params>
          <reporter-output>
          </reporter-output>
        </test-method> <!-- afterMethod -->
        <test-method is-config="true" signature="beforeMethod()[pri:0, instance:Selenium.AllActions@4b20ca2b]" started-at="2026-01-09T17:18:28 IST" name="beforeMethod" finished-at="2026-01-09T17:18:28 IST" duration-ms="1" status="PASS">
          <reporter-output>
          </reporter-output>
        </test-method> <!-- beforeMethod -->
        <test-method signature="sixthTest()[pri:5, instance:Selenium.AllActions@4b20ca2b]" started-at="2026-01-09T17:18:28 IST" name="sixthTest" description="Switching to JavaScript alert and dismissing the same" finished-at="2026-01-09T17:18:32 IST" duration-ms="3231" status="PASS">
          <reporter-output>
          </reporter-output>
        </test-method> <!-- sixthTest -->
        <test-method is-config="true" signature="afterMethod(org.testng.ITestResult)[pri:0, instance:Selenium.AllActions@4b20ca2b]" started-at="2026-01-09T17:18:32 IST" name="afterMethod" finished-at="2026-01-09T17:18:32 IST" duration-ms="4" status="PASS">
          <params>
            <param index="0">
              <value>
                <![CDATA[[TestResult name=sixthTest status=SUCCESS method=AllActions.sixthTest()[pri:5, instance:Selenium.AllActions@4b20ca2b] output={null}]]]>
              </value>
            </param>
          </params>
          <reporter-output>
          </reporter-output>
        </test-method> <!-- afterMethod -->
        <test-method is-config="true" signature="beforeMethod()[pri:0, instance:Selenium.AllActions@4b20ca2b]" started-at="2026-01-09T17:18:32 IST" name="beforeMethod" finished-at="2026-01-09T17:18:32 IST" duration-ms="2" status="PASS">
          <reporter-output>
          </reporter-output>
        </test-method> <!-- beforeMethod -->
        <test-method signature="seventhTest()[pri:6, instance:Selenium.AllActions@4b20ca2b]" started-at="2026-01-09T17:18:32 IST" name="seventhTest" description="Entering value into prompt and accepting the alert" finished-at="2026-01-09T17:18:35 IST" duration-ms="3283" status="PASS">
          <reporter-output>
          </reporter-output>
        </test-method> <!-- seventhTest -->
        <test-method is-config="true" signature="afterMethod(org.testng.ITestResult)[pri:0, instance:Selenium.AllActions@4b20ca2b]" started-at="2026-01-09T17:18:35 IST" name="afterMethod" finished-at="2026-01-09T17:18:35 IST" duration-ms="0" status="PASS">
          <params>
            <param index="0">
              <value>
                <![CDATA[[TestResult name=seventhTest status=SUCCESS method=AllActions.seventhTest()[pri:6, instance:Selenium.AllActions@4b20ca2b] output={null}]]]>
              </value>
            </param>
          </params>
          <reporter-output>
          </reporter-output>
        </test-method> <!-- afterMethod -->
        <test-method is-config="true" signature="beforeMethod()[pri:0, instance:Selenium.AllActions@4b20ca2b]" started-at="2026-01-09T17:18:35 IST" name="beforeMethod" finished-at="2026-01-09T17:18:35 IST" duration-ms="2" status="PASS">
          <reporter-output>
          </reporter-output>
        </test-method> <!-- beforeMethod -->
        <test-method signature="eightTest()[pri:7, instance:Selenium.AllActions@4b20ca2b]" started-at="2026-01-09T17:18:35 IST" name="eightTest" description="Switching into popup" finished-at="2026-01-09T17:18:37 IST" duration-ms="2410" status="PASS">
          <reporter-output>
          </reporter-output>
        </test-method> <!-- eightTest -->
        <test-method is-config="true" signature="afterMethod(org.testng.ITestResult)[pri:0, instance:Selenium.AllActions@4b20ca2b]" started-at="2026-01-09T17:18:37 IST" name="afterMethod" finished-at="2026-01-09T17:18:37 IST" duration-ms="1" status="PASS">
          <params>
            <param index="0">
              <value>
                <![CDATA[[TestResult name=eightTest status=SUCCESS method=AllActions.eightTest()[pri:7, instance:Selenium.AllActions@4b20ca2b] output={null}]]]>
              </value>
            </param>
          </params>
          <reporter-output>
          </reporter-output>
        </test-method> <!-- afterMethod -->
        <test-method is-config="true" signature="beforeMethod()[pri:0, instance:Selenium.AllActions@4b20ca2b]" started-at="2026-01-09T17:18:38 IST" name="beforeMethod" finished-at="2026-01-09T17:18:38 IST" duration-ms="7" status="PASS">
          <reporter-output>
          </reporter-output>
        </test-method> <!-- beforeMethod -->
        <test-method signature="eleventhMethod()[pri:10, instance:Selenium.AllActions@4b20ca2b]" started-at="2026-01-09T17:18:38 IST" name="eleventhMethod" description="Taking screenshot in selenium " finished-at="2026-01-09T17:18:38 IST" duration-ms="224" status="PASS">
          <reporter-output>
          </reporter-output>
        </test-method> <!-- eleventhMethod -->
        <test-method is-config="true" signature="afterMethod(org.testng.ITestResult)[pri:0, instance:Selenium.AllActions@4b20ca2b]" started-at="2026-01-09T17:18:38 IST" name="afterMethod" finished-at="2026-01-09T17:18:38 IST" duration-ms="2" status="PASS">
          <params>
            <param index="0">
              <value>
                <![CDATA[[TestResult name=eleventhMethod status=SUCCESS method=AllActions.eleventhMethod()[pri:10, instance:Selenium.AllActions@4b20ca2b] output={null}]]]>
              </value>
            </param>
          </params>
          <reporter-output>
          </reporter-output>
        </test-method> <!-- afterMethod -->
        <test-method is-config="true" signature="beforeMethod()[pri:0, instance:Selenium.AllActions@4b20ca2b]" started-at="2026-01-09T17:18:38 IST" name="beforeMethod" finished-at="2026-01-09T17:18:38 IST" duration-ms="2" status="PASS">
          <reporter-output>
          </reporter-output>
        </test-method> <!-- beforeMethod -->
        <test-method signature="ninthMethod()[pri:8, instance:Selenium.AllActions@4b20ca2b]" started-at="2026-01-09T17:18:38 IST" name="ninthMethod" description="Handling file upload" finished-at="2026-01-09T17:18:43 IST" depends-on-methods="Selenium.AllActions.eightTest" duration-ms="5401" status="PASS">
          <reporter-output>
          </reporter-output>
        </test-method> <!-- ninthMethod -->
        <test-method is-config="true" signature="afterMethod(org.testng.ITestResult)[pri:0, instance:Selenium.AllActions@4b20ca2b]" started-at="2026-01-09T17:18:43 IST" name="afterMethod" finished-at="2026-01-09T17:18:43 IST" duration-ms="3" status="PASS">
          <params>
            <param index="0">
              <value>
                <![CDATA[[TestResult name=ninthMethod status=SUCCESS method=AllActions.ninthMethod()[pri:8, instance:Selenium.AllActions@4b20ca2b] output={null}]]]>
              </value>
            </param>
          </params>
          <reporter-output>
          </reporter-output>
        </test-method> <!-- afterMethod -->
        <test-method is-config="true" signature="beforeMethod()[pri:0, instance:Selenium.AllActions@4b20ca2b]" started-at="2026-01-09T17:18:43 IST" name="beforeMethod" finished-at="2026-01-09T17:18:43 IST" duration-ms="3" status="PASS">
          <reporter-output>
          </reporter-output>
        </test-method> <!-- beforeMethod -->
        <test-method signature="tenthMethod()[pri:9, instance:Selenium.AllActions@4b20ca2b]" started-at="2026-01-09T17:18:43 IST" name="tenthMethod" description="Explicit wait and navigating backwards and page refresh" depends-on-groups="window switching" finished-at="2026-01-09T17:19:08 IST" duration-ms="25056" status="PASS">
          <reporter-output>
          </reporter-output>
        </test-method> <!-- tenthMethod -->
        <test-method is-config="true" signature="afterMethod(org.testng.ITestResult)[pri:0, instance:Selenium.AllActions@4b20ca2b]" started-at="2026-01-09T17:19:08 IST" name="afterMethod" finished-at="2026-01-09T17:19:08 IST" duration-ms="9" status="PASS">
          <params>
            <param index="0">
              <value>
                <![CDATA[[TestResult name=tenthMethod status=SUCCESS method=AllActions.tenthMethod()[pri:9, instance:Selenium.AllActions@4b20ca2b] output={null}]]]>
              </value>
            </param>
          </params>
          <reporter-output>
          </reporter-output>
        </test-method> <!-- afterMethod -->
        <test-method is-config="true" signature="afterClass()[pri:0, instance:Selenium.AllActions@4b20ca2b]" started-at="2026-01-09T17:19:08 IST" name="afterClass" finished-at="2026-01-09T17:19:11 IST" duration-ms="2532" status="PASS">
          <reporter-output>
          </reporter-output>
        </test-method> <!-- afterClass -->
      </class> <!-- Selenium.AllActions -->
      <class name="Selenium.AuthPopUp">
        <test-method is-config="true" signature="beforeClass()[pri:0, instance:Selenium.AuthPopUp@3b7ff809]" started-at="2026-01-09T17:17:29 IST" name="beforeClass" finished-at="2026-01-09T17:17:56 IST" duration-ms="26721" status="PASS">
          <reporter-output>
          </reporter-output>
        </test-method> <!-- beforeClass -->
        <test-method is-config="true" signature="beforeMethod()[pri:0, instance:Selenium.AuthPopUp@3b7ff809]" started-at="2026-01-09T17:17:56 IST" name="beforeMethod" finished-at="2026-01-09T17:17:56 IST" duration-ms="14" status="PASS">
          <reporter-output>
          </reporter-output>
        </test-method> <!-- beforeMethod -->
        <test-method signature="testMethod()[pri:0, instance:Selenium.AuthPopUp@3b7ff809]" started-at="2026-01-09T17:17:56 IST" name="testMethod" finished-at="2026-01-09T17:18:02 IST" duration-ms="6187" status="PASS">
          <reporter-output>
          </reporter-output>
        </test-method> <!-- testMethod -->
        <test-method is-config="true" signature="afterClass()[pri:0, instance:Selenium.AuthPopUp@3b7ff809]" started-at="2026-01-09T17:18:02 IST" name="afterClass" finished-at="2026-01-09T17:18:20 IST" duration-ms="17759" status="PASS">
          <reporter-output>
          </reporter-output>
        </test-method> <!-- afterClass -->
      </class> <!-- Selenium.AuthPopUp -->
      <class name="Selenium.FileUpload">
        <test-method is-config="true" signature="beforeClass()[pri:0, instance:Selenium.FileUpload@72758afa]" started-at="2026-01-09T17:17:30 IST" name="beforeClass" finished-at="2026-01-09T17:18:02 IST" duration-ms="32223" status="PASS">
          <reporter-output>
          </reporter-output>
        </test-method> <!-- beforeClass -->
        <test-method is-config="true" signature="beforeMethod()[pri:0, instance:Selenium.FileUpload@72758afa]" started-at="2026-01-09T17:18:02 IST" name="beforeMethod" finished-at="2026-01-09T17:18:02 IST" duration-ms="1" status="PASS">
          <reporter-output>
          </reporter-output>
        </test-method> <!-- beforeMethod -->
        <test-method signature="firstTest()[pri:0, instance:Selenium.FileUpload@72758afa]" started-at="2026-01-09T17:18:02 IST" name="firstTest" finished-at="2026-01-09T17:18:13 IST" duration-ms="10940" status="PASS">
          <reporter-output>
          </reporter-output>
        </test-method> <!-- firstTest -->
        <test-method is-config="true" signature="afterClass()[pri:0, instance:Selenium.FileUpload@72758afa]" started-at="2026-01-09T17:18:13 IST" name="afterClass" finished-at="2026-01-09T17:18:24 IST" duration-ms="11116" status="PASS">
          <reporter-output>
          </reporter-output>
        </test-method> <!-- afterClass -->
      </class> <!-- Selenium.FileUpload -->
    </test> <!-- Test -->
  </suite> <!-- Suite -->
</testng-results>
