<?xml version="1.0" encoding="UTF-8"?>
<!-- Generated by org.testng.reporters.JUnitReportReporter -->
<testsuite hostname="DESKTOP-7KF4DCN" failures="1" tests="14" name="Selenium.AllActions" time="125.722" errors="0" timestamp="2026-01-06T14:07:25 IST" skipped="3">
  <testcase classname="Selenium.AllActions" name="firstTest" time="0.724"/>
  <testcase classname="Selenium.AllActions" name="secondTest" time="0.241"/>
  <testcase classname="Selenium.AllActions" name="thirdTest" time="0.062"/>
  <testcase classname="Selenium.AllActions" name="fourthTest" time="4.200"/>
  <testcase classname="Selenium.AllActions" name="fifthTest" time="3.297"/>
  <testcase classname="Selenium.AllActions" name="sixthTest" time="3.174"/>
  <testcase classname="Selenium.AllActions" name="seventhTest" time="3.178"/>
  <testcase classname="Selenium.AllActions" name="eightTest" time="1.739"/>
  <testcase classname="Selenium.AllActions" name="ninthMethod" time="5.181"/>
  <testcase classname="Selenium.AllActions" name="tenthMethod" time="23.746">
    <failure message="expected [false] but found [true]" type="java.lang.AssertionError">
      <![CDATA[java.lang.AssertionError: expected [false] but found [true]
at org.testng.Assert.fail(Assert.java:111)
at org.testng.Assert.failNotEquals(Assert.java:1590)
at org.testng.Assert.assertFalse(Assert.java:79)
at org.testng.Assert.assertFalse(Assert.java:89)
at Selenium.AllActions.tenthMethod(AllActions.java:194)
at java.base/jdk.internal.reflect.NativeMethodAccessorImpl.invoke0(Native Method)
at java.base/jdk.internal.reflect.NativeMethodAccessorImpl.invoke(NativeMethodAccessorImpl.java:77)
at java.base/jdk.internal.reflect.DelegatingMethodAccessorImpl.invoke(DelegatingMethodAccessorImpl.java:43)
at java.base/java.lang.reflect.Method.invoke(Method.java:568)
at org.testng.internal.invokers.MethodInvocationHelper.invokeMethod(MethodInvocationHelper.java:141)
at org.testng.internal.invokers.TestInvoker.invokeMethod(TestInvoker.java:687)
at org.testng.internal.invokers.TestInvoker.retryFailed(TestInvoker.java:269)
at org.testng.internal.invokers.MethodRunner.runInSequence(MethodRunner.java:76)
at org.testng.internal.invokers.TestInvoker$MethodInvocationAgent.invoke(TestInvoker.java:995)
at org.testng.internal.invokers.TestInvoker.invokeTestMethods(TestInvoker.java:203)
at org.testng.internal.invokers.TestMethodWorker.invokeTestMethods(TestMethodWorker.java:154)
at org.testng.internal.invokers.TestMethodWorker.run(TestMethodWorker.java:134)
at java.base/java.util.ArrayList.forEach(ArrayList.java:1511)
at org.testng.TestRunner.privateRun(TestRunner.java:741)
at org.testng.TestRunner.run(TestRunner.java:616)
at org.testng.SuiteRunner.runTest(SuiteRunner.java:421)
at org.testng.SuiteRunner.runSequentially(SuiteRunner.java:413)
at org.testng.SuiteRunner.privateRun(SuiteRunner.java:373)
at org.testng.SuiteRunner.run(SuiteRunner.java:312)
at org.testng.SuiteRunnerWorker.runSuite(SuiteRunnerWorker.java:52)
at org.testng.SuiteRunnerWorker.run(SuiteRunnerWorker.java:95)
at org.testng.TestNG.runSuitesSequentially(TestNG.java:1274)
at org.testng.TestNG.runSuitesLocally(TestNG.java:1208)
at org.testng.TestNG.runSuites(TestNG.java:1112)
at org.testng.TestNG.run(TestNG.java:1079)
at org.testng.remote.AbstractRemoteTestNG.run(AbstractRemoteTestNG.java:115)
at org.testng.remote.RemoteTestNG.initAndRun(RemoteTestNG.java:293)
at org.testng.remote.RemoteTestNG.main(RemoteTestNG.java:91)
]]>
    </failure>
  </testcase> <!-- tenthMethod -->
  <testcase classname="Selenium.AllActions" name="tenthMethod" time="24.745">
    <skipped/>
  </testcase> <!-- tenthMethod -->
  <testcase classname="Selenium.AllActions" name="tenthMethod" time="33.194">
    <skipped/>
  </testcase> <!-- tenthMethod -->
  <testcase classname="Selenium.AllActions" name="tenthMethod" time="22.093">
    <skipped/>
  </testcase> <!-- tenthMethod -->
  <testcase classname="Selenium.AllActions" name="eleventhMethod" time="0.148"/>
</testsuite> <!-- Selenium.AllActions -->
