<?xml version="1.0" encoding="UTF-8"?>
<!-- Generated by org.testng.reporters.JUnitReportReporter -->
<testsuite hostname="DESKTOP-7KF4DCN" failures="0" tests="11" name="Selenium.AllActions" time="65.509" errors="0" timestamp="2026-01-12T10:50:32 IST" skipped="0">
  <testcase classname="Selenium.AllActions" name="firstTest" time="1.130"/>
  <testcase classname="Selenium.AllActions" name="secondTest" time="1.458"/>
  <testcase classname="Selenium.AllActions" name="thirdTest" time="0.092"/>
  <testcase classname="Selenium.AllActions" name="fourthTest" time="4.447"/>
  <testcase classname="Selenium.AllActions" name="fifthTest" time="6.385"/>
  <testcase classname="Selenium.AllActions" name="sixthTest" time="3.504"/>
  <testcase classname="Selenium.AllActions" name="seventhTest" time="3.303"/>
  <testcase classname="Selenium.AllActions" name="eightTest" time="2.559"/>
  <testcase classname="Selenium.AllActions" name="ninthMethod" time="5.408"/>
  <testcase classname="Selenium.AllActions" name="tenthMethod" time="36.999"/>
  <testcase classname="Selenium.AllActions" name="eleventhMethod" time="0.224"/>
</testsuite> <!-- Selenium.AllActions -->
