<?xml version="1.0" encoding="UTF-8"?>
<!-- Generated by org.testng.reporters.JUnitReportReporter -->
<testsuite hostname="DESKTOP-7KF4DCN" failures="0" tests="11" name="Selenium.AllActions" time="61.385" errors="0" timestamp="2026-01-08T12:04:51 IST" skipped="0">
  <testcase classname="Selenium.AllActions" name="firstTest" time="1.927"/>
  <testcase classname="Selenium.AllActions" name="secondTest" time="0.674"/>
  <testcase classname="Selenium.AllActions" name="thirdTest" time="0.058"/>
  <testcase classname="Selenium.AllActions" name="fourthTest" time="4.296"/>
  <testcase classname="Selenium.AllActions" name="fifthTest" time="3.377"/>
  <testcase classname="Selenium.AllActions" name="sixthTest" time="3.328"/>
  <testcase classname="Selenium.AllActions" name="seventhTest" time="3.399"/>
  <testcase classname="Selenium.AllActions" name="eightTest" time="4.564"/>
  <testcase classname="Selenium.AllActions" name="ninthMethod" time="5.381"/>
  <testcase classname="Selenium.AllActions" name="tenthMethod" time="34.058"/>
  <testcase classname="Selenium.AllActions" name="eleventhMethod" time="0.323"/>
</testsuite> <!-- Selenium.AllActions -->
