<?xml version="1.0" encoding="UTF-8"?>
<!-- Generated by org.testng.reporters.JUnitReportReporter -->
<testsuite hostname="DESKTOP-7KF4DCN" failures="0" tests="11" name="Selenium.AllActions" time="49.209" errors="0" timestamp="2026-01-09T17:19:12 IST" skipped="0">
  <testcase classname="Selenium.AllActions" name="firstTest" time="1.101"/>
  <testcase classname="Selenium.AllActions" name="secondTest" time="0.639"/>
  <testcase classname="Selenium.AllActions" name="thirdTest" time="0.101"/>
  <testcase classname="Selenium.AllActions" name="fourthTest" time="4.366"/>
  <testcase classname="Selenium.AllActions" name="fifthTest" time="3.343"/>
  <testcase classname="Selenium.AllActions" name="sixthTest" time="3.236"/>
  <testcase classname="Selenium.AllActions" name="seventhTest" time="3.286"/>
  <testcase classname="Selenium.AllActions" name="eightTest" time="2.431"/>
  <testcase classname="Selenium.AllActions" name="ninthMethod" time="5.407"/>
  <testcase classname="Selenium.AllActions" name="tenthMethod" time="25.059"/>
  <testcase classname="Selenium.AllActions" name="eleventhMethod" time="0.240"/>
</testsuite> <!-- Selenium.AllActions -->
